CRITICAL - 2023-07-04 01:07:25 --> Invalid file: "Login/Login.php"
in SYSTEMPATH\Exceptions\FrameworkException.php on line 33.
 1 SYSTEMPATH\View\View.php(201): CodeIgniter\Exceptions\FrameworkException::forInvalidFile('Login/Login.php')
 2 SYSTEMPATH\Common.php(1184): CodeIgniter\View\View->render('Login/Login', [], true)
 3 APPPATH\Controllers\Dashboard.php(41): view('Login/Login')
 4 SYSTEMPATH\CodeIgniter.php(934): App\Controllers\Dashboard->Login()
 5 SYSTEMPATH\CodeIgniter.php(499): CodeIgniter\CodeIgniter->runController(Object(App\Controllers\Dashboard))
 6 SYSTEMPATH\CodeIgniter.php(368): CodeIgniter\CodeIgniter->handleRequest(null, Object(Config\Cache), false)
 7 FCPATH\index.php(67): CodeIgniter\CodeIgniter->run()
CRITICAL - 2023-07-04 01:08:19 --> Invalid file: "Login/Login.php"
in SYSTEMPATH\Exceptions\FrameworkException.php on line 33.
 1 SYSTEMPATH\View\View.php(201): CodeIgniter\Exceptions\FrameworkException::forInvalidFile('Login/Login.php')
 2 SYSTEMPATH\Common.php(1184): CodeIgniter\View\View->render('Login/Login', [], true)
 3 APPPATH\Controllers\Dashboard.php(41): view('Login/Login')
 4 SYSTEMPATH\CodeIgniter.php(934): App\Controllers\Dashboard->Login()
 5 SYSTEMPATH\CodeIgniter.php(499): CodeIgniter\CodeIgniter->runController(Object(App\Controllers\Dashboard))
 6 SYSTEMPATH\CodeIgniter.php(368): CodeIgniter\CodeIgniter->handleRequest(null, Object(Config\Cache), false)
 7 FCPATH\index.php(67): CodeIgniter\CodeIgniter->run()
CRITICAL - 2023-07-04 01:08:27 --> Invalid file: "Login/Login.php"
in SYSTEMPATH\Exceptions\FrameworkException.php on line 33.
 1 SYSTEMPATH\View\View.php(201): CodeIgniter\Exceptions\FrameworkException::forInvalidFile('Login/Login.php')
 2 SYSTEMPATH\Common.php(1184): CodeIgniter\View\View->render('Login/Login', [], true)
 3 APPPATH\Controllers\Dashboard.php(41): view('Login/Login')
 4 SYSTEMPATH\CodeIgniter.php(934): App\Controllers\Dashboard->Login()
 5 SYSTEMPATH\CodeIgniter.php(499): CodeIgniter\CodeIgniter->runController(Object(App\Controllers\Dashboard))
 6 SYSTEMPATH\CodeIgniter.php(368): CodeIgniter\CodeIgniter->handleRequest(null, Object(Config\Cache), false)
 7 FCPATH\index.php(67): CodeIgniter\CodeIgniter->run()
