CRITICAL - 2023-07-07 00:07:14 --> Invalid file: "Recursos/base-preguntas.php"
in SYSTEMPATH\Exceptions\FrameworkException.php on line 33.
 1 SYSTEMPATH\View\View.php(201): CodeIgniter\Exceptions\FrameworkException::forInvalidFile('Recursos/base-preguntas.php')
 2 SYSTEMPATH\Common.php(1184): CodeIgniter\View\View->render('Recursos/base-preguntas', [], true)
 3 APPPATH\Controllers\Dashboard.php(44): view('Recursos/base-preguntas')
 4 SYSTEMPATH\CodeIgniter.php(934): App\Controllers\Dashboard->preguntas()
 5 SYSTEMPATH\CodeIgniter.php(499): CodeIgniter\CodeIgniter->runController(Object(App\Controllers\Dashboard))
 6 SYSTEMPATH\CodeIgniter.php(368): CodeIgniter\CodeIgniter->handleRequest(null, Object(Config\Cache), false)
 7 FCPATH\index.php(67): CodeIgniter\CodeIgniter->run()
CRITICAL - 2023-07-07 00:07:55 --> Invalid file: "Recursos/base-preguntas.php"
in SYSTEMPATH\Exceptions\FrameworkException.php on line 33.
 1 SYSTEMPATH\View\View.php(201): CodeIgniter\Exceptions\FrameworkException::forInvalidFile('Recursos/base-preguntas.php')
 2 SYSTEMPATH\Common.php(1184): CodeIgniter\View\View->render('Recursos/base-preguntas', [], true)
 3 APPPATH\Controllers\Dashboard.php(44): view('Recursos/base-preguntas')
 4 SYSTEMPATH\CodeIgniter.php(934): App\Controllers\Dashboard->preguntas()
 5 SYSTEMPATH\CodeIgniter.php(499): CodeIgniter\CodeIgniter->runController(Object(App\Controllers\Dashboard))
 6 SYSTEMPATH\CodeIgniter.php(368): CodeIgniter\CodeIgniter->handleRequest(null, Object(Config\Cache), false)
 7 FCPATH\index.php(67): CodeIgniter\CodeIgniter->run()
CRITICAL - 2023-07-07 00:17:05 --> Invalid file: "Recursos/base-preguntas.php"
in SYSTEMPATH\Exceptions\FrameworkException.php on line 33.
 1 SYSTEMPATH\View\View.php(201): CodeIgniter\Exceptions\FrameworkException::forInvalidFile('Recursos/base-preguntas.php')
 2 SYSTEMPATH\Common.php(1184): CodeIgniter\View\View->render('Recursos/base-preguntas', [], true)
 3 APPPATH\Controllers\Dashboard.php(44): view('Recursos/base-preguntas')
 4 SYSTEMPATH\CodeIgniter.php(934): App\Controllers\Dashboard->preguntas()
 5 SYSTEMPATH\CodeIgniter.php(499): CodeIgniter\CodeIgniter->runController(Object(App\Controllers\Dashboard))
 6 SYSTEMPATH\CodeIgniter.php(368): CodeIgniter\CodeIgniter->handleRequest(null, Object(Config\Cache), false)
 7 FCPATH\index.php(67): CodeIgniter\CodeIgniter->run()
CRITICAL - 2023-07-07 00:18:01 --> Invalid file: "Recursos/base-preguntas.php"
in SYSTEMPATH\Exceptions\FrameworkException.php on line 33.
 1 SYSTEMPATH\View\View.php(201): CodeIgniter\Exceptions\FrameworkException::forInvalidFile('Recursos/base-preguntas.php')
 2 SYSTEMPATH\Common.php(1184): CodeIgniter\View\View->render('Recursos/base-preguntas', [], true)
 3 APPPATH\Controllers\Dashboard.php(44): view('Recursos/base-preguntas')
 4 SYSTEMPATH\CodeIgniter.php(934): App\Controllers\Dashboard->preguntas()
 5 SYSTEMPATH\CodeIgniter.php(499): CodeIgniter\CodeIgniter->runController(Object(App\Controllers\Dashboard))
 6 SYSTEMPATH\CodeIgniter.php(368): CodeIgniter\CodeIgniter->handleRequest(null, Object(Config\Cache), false)
 7 FCPATH\index.php(67): CodeIgniter\CodeIgniter->run()
CRITICAL - 2023-07-07 00:18:11 --> Invalid file: "Recursos/base-preguntas.php"
in SYSTEMPATH\Exceptions\FrameworkException.php on line 33.
 1 SYSTEMPATH\View\View.php(201): CodeIgniter\Exceptions\FrameworkException::forInvalidFile('Recursos/base-preguntas.php')
 2 SYSTEMPATH\Common.php(1184): CodeIgniter\View\View->render('Recursos/base-preguntas', [], true)
 3 APPPATH\Controllers\Dashboard.php(44): view('Recursos/base-preguntas')
 4 SYSTEMPATH\CodeIgniter.php(934): App\Controllers\Dashboard->preguntas()
 5 SYSTEMPATH\CodeIgniter.php(499): CodeIgniter\CodeIgniter->runController(Object(App\Controllers\Dashboard))
 6 SYSTEMPATH\CodeIgniter.php(368): CodeIgniter\CodeIgniter->handleRequest(null, Object(Config\Cache), false)
 7 FCPATH\index.php(67): CodeIgniter\CodeIgniter->run()
CRITICAL - 2023-07-07 00:18:36 --> Invalid file: "Recursos/base-preguntas.php"
in SYSTEMPATH\Exceptions\FrameworkException.php on line 33.
 1 SYSTEMPATH\View\View.php(201): CodeIgniter\Exceptions\FrameworkException::forInvalidFile('Recursos/base-preguntas.php')
 2 SYSTEMPATH\Common.php(1184): CodeIgniter\View\View->render('Recursos/base-preguntas', [], true)
 3 APPPATH\Controllers\Dashboard.php(44): view('Recursos/base-preguntas')
 4 SYSTEMPATH\CodeIgniter.php(934): App\Controllers\Dashboard->preguntas()
 5 SYSTEMPATH\CodeIgniter.php(499): CodeIgniter\CodeIgniter->runController(Object(App\Controllers\Dashboard))
 6 SYSTEMPATH\CodeIgniter.php(368): CodeIgniter\CodeIgniter->handleRequest(null, Object(Config\Cache), false)
 7 FCPATH\index.php(67): CodeIgniter\CodeIgniter->run()
CRITICAL - 2023-07-07 00:19:00 --> Invalid file: "Recursos/base-preguntas.php"
in SYSTEMPATH\Exceptions\FrameworkException.php on line 33.
 1 SYSTEMPATH\View\View.php(201): CodeIgniter\Exceptions\FrameworkException::forInvalidFile('Recursos/base-preguntas.php')
 2 SYSTEMPATH\Common.php(1184): CodeIgniter\View\View->render('Recursos/base-preguntas', [], true)
 3 APPPATH\Controllers\Dashboard.php(44): view('Recursos/base-preguntas')
 4 SYSTEMPATH\CodeIgniter.php(934): App\Controllers\Dashboard->preguntas()
 5 SYSTEMPATH\CodeIgniter.php(499): CodeIgniter\CodeIgniter->runController(Object(App\Controllers\Dashboard))
 6 SYSTEMPATH\CodeIgniter.php(368): CodeIgniter\CodeIgniter->handleRequest(null, Object(Config\Cache), false)
 7 FCPATH\index.php(67): CodeIgniter\CodeIgniter->run()
CRITICAL - 2023-07-07 00:22:25 --> Invalid file: "Recursos/base-preguntas.php"
in SYSTEMPATH\Exceptions\FrameworkException.php on line 33.
 1 SYSTEMPATH\View\View.php(201): CodeIgniter\Exceptions\FrameworkException::forInvalidFile('Recursos/base-preguntas.php')
 2 SYSTEMPATH\Common.php(1184): CodeIgniter\View\View->render('Recursos/base-preguntas', [], true)
 3 APPPATH\Controllers\Dashboard.php(44): view('Recursos/base-preguntas')
 4 SYSTEMPATH\CodeIgniter.php(934): App\Controllers\Dashboard->preguntas()
 5 SYSTEMPATH\CodeIgniter.php(499): CodeIgniter\CodeIgniter->runController(Object(App\Controllers\Dashboard))
 6 SYSTEMPATH\CodeIgniter.php(368): CodeIgniter\CodeIgniter->handleRequest(null, Object(Config\Cache), false)
 7 FCPATH\index.php(67): CodeIgniter\CodeIgniter->run()
CRITICAL - 2023-07-07 00:23:03 --> Invalid file: "Recursos/base-preguntas.php"
in SYSTEMPATH\Exceptions\FrameworkException.php on line 33.
 1 SYSTEMPATH\View\View.php(201): CodeIgniter\Exceptions\FrameworkException::forInvalidFile('Recursos/base-preguntas.php')
 2 SYSTEMPATH\Common.php(1184): CodeIgniter\View\View->render('Recursos/base-preguntas', [], true)
 3 APPPATH\Controllers\Dashboard.php(44): view('Recursos/base-preguntas')
 4 SYSTEMPATH\CodeIgniter.php(934): App\Controllers\Dashboard->preguntas()
 5 SYSTEMPATH\CodeIgniter.php(499): CodeIgniter\CodeIgniter->runController(Object(App\Controllers\Dashboard))
 6 SYSTEMPATH\CodeIgniter.php(368): CodeIgniter\CodeIgniter->handleRequest(null, Object(Config\Cache), false)
 7 FCPATH\index.php(67): CodeIgniter\CodeIgniter->run()
CRITICAL - 2023-07-07 00:23:42 --> Invalid file: "Recursos/base-preguntas.php"
in SYSTEMPATH\Exceptions\FrameworkException.php on line 33.
 1 SYSTEMPATH\View\View.php(201): CodeIgniter\Exceptions\FrameworkException::forInvalidFile('Recursos/base-preguntas.php')
 2 SYSTEMPATH\Common.php(1184): CodeIgniter\View\View->render('Recursos/base-preguntas', [], true)
 3 APPPATH\Controllers\Dashboard.php(44): view('Recursos/base-preguntas')
 4 SYSTEMPATH\CodeIgniter.php(934): App\Controllers\Dashboard->preguntas()
 5 SYSTEMPATH\CodeIgniter.php(499): CodeIgniter\CodeIgniter->runController(Object(App\Controllers\Dashboard))
 6 SYSTEMPATH\CodeIgniter.php(368): CodeIgniter\CodeIgniter->handleRequest(null, Object(Config\Cache), false)
 7 FCPATH\index.php(67): CodeIgniter\CodeIgniter->run()
