CRITICAL - 2023-07-06 06:06:33 --> Invalid file: "Paginas/examenes.php"
in SYSTEMPATH\Exceptions\FrameworkException.php on line 33.
 1 SYSTEMPATH\View\View.php(201): CodeIgniter\Exceptions\FrameworkException::forInvalidFile('Paginas/examenes.php')
 2 SYSTEMPATH\Common.php(1184): CodeIgniter\View\View->render('Paginas/examenes', [], true)
 3 APPPATH\Controllers\Dashboard.php(13): view('Paginas/examenes')
 4 SYSTEMPATH\CodeIgniter.php(934): App\Controllers\Dashboard->examenes()
 5 SYSTEMPATH\CodeIgniter.php(499): CodeIgniter\CodeIgniter->runController(Object(App\Controllers\Dashboard))
 6 SYSTEMPATH\CodeIgniter.php(368): CodeIgniter\CodeIgniter->handleRequest(null, Object(Config\Cache), false)
 7 FCPATH\index.php(67): CodeIgniter\CodeIgniter->run()
CRITICAL - 2023-07-06 06:13:28 --> Invalid file: "Paginas/examenes.js"
in SYSTEMPATH\Exceptions\FrameworkException.php on line 33.
 1 SYSTEMPATH\View\View.php(201): CodeIgniter\Exceptions\FrameworkException::forInvalidFile('Paginas/examenes.js')
 2 SYSTEMPATH\Common.php(1184): CodeIgniter\View\View->render('Paginas/examenes.js', [], true)
 3 APPPATH\Controllers\Dashboard.php(13): view('Paginas/examenes.js')
 4 SYSTEMPATH\CodeIgniter.php(934): App\Controllers\Dashboard->examenes()
 5 SYSTEMPATH\CodeIgniter.php(499): CodeIgniter\CodeIgniter->runController(Object(App\Controllers\Dashboard))
 6 SYSTEMPATH\CodeIgniter.php(368): CodeIgniter\CodeIgniter->handleRequest(null, Object(Config\Cache), false)
 7 FCPATH\index.php(67): CodeIgniter\CodeIgniter->run()
CRITICAL - 2023-07-06 06:13:34 --> Invalid file: "Paginas/examenes.js"
in SYSTEMPATH\Exceptions\FrameworkException.php on line 33.
 1 SYSTEMPATH\View\View.php(201): CodeIgniter\Exceptions\FrameworkException::forInvalidFile('Paginas/examenes.js')
 2 SYSTEMPATH\Common.php(1184): CodeIgniter\View\View->render('Paginas/examenes.js', [], true)
 3 APPPATH\Controllers\Dashboard.php(13): view('Paginas/examenes.js')
 4 SYSTEMPATH\CodeIgniter.php(934): App\Controllers\Dashboard->examenes()
 5 SYSTEMPATH\CodeIgniter.php(499): CodeIgniter\CodeIgniter->runController(Object(App\Controllers\Dashboard))
 6 SYSTEMPATH\CodeIgniter.php(368): CodeIgniter\CodeIgniter->handleRequest(null, Object(Config\Cache), false)
 7 FCPATH\index.php(67): CodeIgniter\CodeIgniter->run()
CRITICAL - 2023-07-06 06:24:31 --> Invalid file: "Recursos/base-preguntas.php"
in SYSTEMPATH\Exceptions\FrameworkException.php on line 33.
 1 SYSTEMPATH\View\View.php(201): CodeIgniter\Exceptions\FrameworkException::forInvalidFile('Recursos/base-preguntas.php')
 2 SYSTEMPATH\Common.php(1184): CodeIgniter\View\View->render('Recursos/base-preguntas', [], true)
 3 APPPATH\Controllers\Dashboard.php(44): view('Recursos/base-preguntas')
 4 SYSTEMPATH\CodeIgniter.php(934): App\Controllers\Dashboard->preguntas()
 5 SYSTEMPATH\CodeIgniter.php(499): CodeIgniter\CodeIgniter->runController(Object(App\Controllers\Dashboard))
 6 SYSTEMPATH\CodeIgniter.php(368): CodeIgniter\CodeIgniter->handleRequest(null, Object(Config\Cache), false)
 7 FCPATH\index.php(67): CodeIgniter\CodeIgniter->run()
CRITICAL - 2023-07-06 06:29:26 --> Invalid file: "Recursos/sweetalert2.all.min"
in SYSTEMPATH\Exceptions\FrameworkException.php on line 33.
 1 SYSTEMPATH\View\View.php(201): CodeIgniter\Exceptions\FrameworkException::forInvalidFile('Recursos/sweetalert2.all.min')
 2 SYSTEMPATH\Common.php(1184): CodeIgniter\View\View->render('Recursos/sweetalert2.all.min', [], true)
 3 APPPATH\Controllers\Dashboard.php(50): view('Recursos/sweetalert2.all.min')
 4 SYSTEMPATH\CodeIgniter.php(934): App\Controllers\Dashboard->largo()
 5 SYSTEMPATH\CodeIgniter.php(499): CodeIgniter\CodeIgniter->runController(Object(App\Controllers\Dashboard))
 6 SYSTEMPATH\CodeIgniter.php(368): CodeIgniter\CodeIgniter->handleRequest(null, Object(Config\Cache), false)
 7 FCPATH\index.php(67): CodeIgniter\CodeIgniter->run()
CRITICAL - 2023-07-06 06:29:28 --> Invalid file: "Recursos/sweetalert2.all.min"
in SYSTEMPATH\Exceptions\FrameworkException.php on line 33.
 1 SYSTEMPATH\View\View.php(201): CodeIgniter\Exceptions\FrameworkException::forInvalidFile('Recursos/sweetalert2.all.min')
 2 SYSTEMPATH\Common.php(1184): CodeIgniter\View\View->render('Recursos/sweetalert2.all.min', [], true)
 3 APPPATH\Controllers\Dashboard.php(50): view('Recursos/sweetalert2.all.min')
 4 SYSTEMPATH\CodeIgniter.php(934): App\Controllers\Dashboard->largo()
 5 SYSTEMPATH\CodeIgniter.php(499): CodeIgniter\CodeIgniter->runController(Object(App\Controllers\Dashboard))
 6 SYSTEMPATH\CodeIgniter.php(368): CodeIgniter\CodeIgniter->handleRequest(null, Object(Config\Cache), false)
 7 FCPATH\index.php(67): CodeIgniter\CodeIgniter->run()
CRITICAL - 2023-07-06 06:29:29 --> Invalid file: "Recursos/sweetalert2.all.min"
in SYSTEMPATH\Exceptions\FrameworkException.php on line 33.
 1 SYSTEMPATH\View\View.php(201): CodeIgniter\Exceptions\FrameworkException::forInvalidFile('Recursos/sweetalert2.all.min')
 2 SYSTEMPATH\Common.php(1184): CodeIgniter\View\View->render('Recursos/sweetalert2.all.min', [], true)
 3 APPPATH\Controllers\Dashboard.php(50): view('Recursos/sweetalert2.all.min')
 4 SYSTEMPATH\CodeIgniter.php(934): App\Controllers\Dashboard->largo()
 5 SYSTEMPATH\CodeIgniter.php(499): CodeIgniter\CodeIgniter->runController(Object(App\Controllers\Dashboard))
 6 SYSTEMPATH\CodeIgniter.php(368): CodeIgniter\CodeIgniter->handleRequest(null, Object(Config\Cache), false)
 7 FCPATH\index.php(67): CodeIgniter\CodeIgniter->run()
CRITICAL - 2023-07-06 06:32:38 --> Invalid file: "Recursos/base-preguntas.php"
in SYSTEMPATH\Exceptions\FrameworkException.php on line 33.
 1 SYSTEMPATH\View\View.php(201): CodeIgniter\Exceptions\FrameworkException::forInvalidFile('Recursos/base-preguntas.php')
 2 SYSTEMPATH\Common.php(1184): CodeIgniter\View\View->render('Recursos/base-preguntas', [], true)
 3 APPPATH\Controllers\Dashboard.php(44): view('Recursos/base-preguntas')
 4 SYSTEMPATH\CodeIgniter.php(934): App\Controllers\Dashboard->preguntas()
 5 SYSTEMPATH\CodeIgniter.php(499): CodeIgniter\CodeIgniter->runController(Object(App\Controllers\Dashboard))
 6 SYSTEMPATH\CodeIgniter.php(368): CodeIgniter\CodeIgniter->handleRequest(null, Object(Config\Cache), false)
 7 FCPATH\index.php(67): CodeIgniter\CodeIgniter->run()
CRITICAL - 2023-07-06 06:34:38 --> Invalid file: "Recursos/base-preguntas.php"
in SYSTEMPATH\Exceptions\FrameworkException.php on line 33.
 1 SYSTEMPATH\View\View.php(201): CodeIgniter\Exceptions\FrameworkException::forInvalidFile('Recursos/base-preguntas.php')
 2 SYSTEMPATH\Common.php(1184): CodeIgniter\View\View->render('Recursos/base-preguntas', [], true)
 3 APPPATH\Controllers\Dashboard.php(44): view('Recursos/base-preguntas')
 4 SYSTEMPATH\CodeIgniter.php(934): App\Controllers\Dashboard->preguntas()
 5 SYSTEMPATH\CodeIgniter.php(499): CodeIgniter\CodeIgniter->runController(Object(App\Controllers\Dashboard))
 6 SYSTEMPATH\CodeIgniter.php(368): CodeIgniter\CodeIgniter->handleRequest(null, Object(Config\Cache), false)
 7 FCPATH\index.php(67): CodeIgniter\CodeIgniter->run()
CRITICAL - 2023-07-06 06:35:38 --> Invalid file: "Recursos/base-preguntas.php"
in SYSTEMPATH\Exceptions\FrameworkException.php on line 33.
 1 SYSTEMPATH\View\View.php(201): CodeIgniter\Exceptions\FrameworkException::forInvalidFile('Recursos/base-preguntas.php')
 2 SYSTEMPATH\Common.php(1184): CodeIgniter\View\View->render('Recursos/base-preguntas', [], true)
 3 APPPATH\Controllers\Dashboard.php(44): view('Recursos/base-preguntas')
 4 SYSTEMPATH\CodeIgniter.php(934): App\Controllers\Dashboard->preguntas()
 5 SYSTEMPATH\CodeIgniter.php(499): CodeIgniter\CodeIgniter->runController(Object(App\Controllers\Dashboard))
 6 SYSTEMPATH\CodeIgniter.php(368): CodeIgniter\CodeIgniter->handleRequest(null, Object(Config\Cache), false)
 7 FCPATH\index.php(67): CodeIgniter\CodeIgniter->run()
CRITICAL - 2023-07-06 06:36:12 --> Invalid file: "Recursos/base-preguntas.php"
in SYSTEMPATH\Exceptions\FrameworkException.php on line 33.
 1 SYSTEMPATH\View\View.php(201): CodeIgniter\Exceptions\FrameworkException::forInvalidFile('Recursos/base-preguntas.php')
 2 SYSTEMPATH\Common.php(1184): CodeIgniter\View\View->render('Recursos/base-preguntas', [], true)
 3 APPPATH\Controllers\Dashboard.php(44): view('Recursos/base-preguntas')
 4 SYSTEMPATH\CodeIgniter.php(934): App\Controllers\Dashboard->preguntas()
 5 SYSTEMPATH\CodeIgniter.php(499): CodeIgniter\CodeIgniter->runController(Object(App\Controllers\Dashboard))
 6 SYSTEMPATH\CodeIgniter.php(368): CodeIgniter\CodeIgniter->handleRequest(null, Object(Config\Cache), false)
 7 FCPATH\index.php(67): CodeIgniter\CodeIgniter->run()
CRITICAL - 2023-07-06 06:37:11 --> Invalid file: "Recursos/base-preguntas.php"
in SYSTEMPATH\Exceptions\FrameworkException.php on line 33.
 1 SYSTEMPATH\View\View.php(201): CodeIgniter\Exceptions\FrameworkException::forInvalidFile('Recursos/base-preguntas.php')
 2 SYSTEMPATH\Common.php(1184): CodeIgniter\View\View->render('Recursos/base-preguntas', [], true)
 3 APPPATH\Controllers\Dashboard.php(44): view('Recursos/base-preguntas')
 4 SYSTEMPATH\CodeIgniter.php(934): App\Controllers\Dashboard->preguntas()
 5 SYSTEMPATH\CodeIgniter.php(499): CodeIgniter\CodeIgniter->runController(Object(App\Controllers\Dashboard))
 6 SYSTEMPATH\CodeIgniter.php(368): CodeIgniter\CodeIgniter->handleRequest(null, Object(Config\Cache), false)
 7 FCPATH\index.php(67): CodeIgniter\CodeIgniter->run()
CRITICAL - 2023-07-06 06:37:42 --> Invalid file: "Recursos/base-preguntas.php"
in SYSTEMPATH\Exceptions\FrameworkException.php on line 33.
 1 SYSTEMPATH\View\View.php(201): CodeIgniter\Exceptions\FrameworkException::forInvalidFile('Recursos/base-preguntas.php')
 2 SYSTEMPATH\Common.php(1184): CodeIgniter\View\View->render('Recursos/base-preguntas', [], true)
 3 APPPATH\Controllers\Dashboard.php(44): view('Recursos/base-preguntas')
 4 SYSTEMPATH\CodeIgniter.php(934): App\Controllers\Dashboard->preguntas()
 5 SYSTEMPATH\CodeIgniter.php(499): CodeIgniter\CodeIgniter->runController(Object(App\Controllers\Dashboard))
 6 SYSTEMPATH\CodeIgniter.php(368): CodeIgniter\CodeIgniter->handleRequest(null, Object(Config\Cache), false)
 7 FCPATH\index.php(67): CodeIgniter\CodeIgniter->run()
CRITICAL - 2023-07-06 06:39:16 --> Invalid file: "Recursos/base-preguntas.php"
in SYSTEMPATH\Exceptions\FrameworkException.php on line 33.
 1 SYSTEMPATH\View\View.php(201): CodeIgniter\Exceptions\FrameworkException::forInvalidFile('Recursos/base-preguntas.php')
 2 SYSTEMPATH\Common.php(1184): CodeIgniter\View\View->render('Recursos/base-preguntas', [], true)
 3 APPPATH\Controllers\Dashboard.php(44): view('Recursos/base-preguntas')
 4 SYSTEMPATH\CodeIgniter.php(934): App\Controllers\Dashboard->preguntas()
 5 SYSTEMPATH\CodeIgniter.php(499): CodeIgniter\CodeIgniter->runController(Object(App\Controllers\Dashboard))
 6 SYSTEMPATH\CodeIgniter.php(368): CodeIgniter\CodeIgniter->handleRequest(null, Object(Config\Cache), false)
 7 FCPATH\index.php(67): CodeIgniter\CodeIgniter->run()
CRITICAL - 2023-07-06 06:39:59 --> Invalid file: "Recursos/base-preguntas.php"
in SYSTEMPATH\Exceptions\FrameworkException.php on line 33.
 1 SYSTEMPATH\View\View.php(201): CodeIgniter\Exceptions\FrameworkException::forInvalidFile('Recursos/base-preguntas.php')
 2 SYSTEMPATH\Common.php(1184): CodeIgniter\View\View->render('Recursos/base-preguntas', [], true)
 3 APPPATH\Controllers\Dashboard.php(44): view('Recursos/base-preguntas')
 4 SYSTEMPATH\CodeIgniter.php(934): App\Controllers\Dashboard->preguntas()
 5 SYSTEMPATH\CodeIgniter.php(499): CodeIgniter\CodeIgniter->runController(Object(App\Controllers\Dashboard))
 6 SYSTEMPATH\CodeIgniter.php(368): CodeIgniter\CodeIgniter->handleRequest(null, Object(Config\Cache), false)
 7 FCPATH\index.php(67): CodeIgniter\CodeIgniter->run()
CRITICAL - 2023-07-06 06:41:03 --> Invalid file: "Recursos/base-preguntas.php"
in SYSTEMPATH\Exceptions\FrameworkException.php on line 33.
 1 SYSTEMPATH\View\View.php(201): CodeIgniter\Exceptions\FrameworkException::forInvalidFile('Recursos/base-preguntas.php')
 2 SYSTEMPATH\Common.php(1184): CodeIgniter\View\View->render('Recursos/base-preguntas', [], true)
 3 APPPATH\Controllers\Dashboard.php(44): view('Recursos/base-preguntas')
 4 SYSTEMPATH\CodeIgniter.php(934): App\Controllers\Dashboard->preguntas()
 5 SYSTEMPATH\CodeIgniter.php(499): CodeIgniter\CodeIgniter->runController(Object(App\Controllers\Dashboard))
 6 SYSTEMPATH\CodeIgniter.php(368): CodeIgniter\CodeIgniter->handleRequest(null, Object(Config\Cache), false)
 7 FCPATH\index.php(67): CodeIgniter\CodeIgniter->run()
CRITICAL - 2023-07-06 06:41:17 --> Invalid file: "Recursos/base-preguntas.php"
in SYSTEMPATH\Exceptions\FrameworkException.php on line 33.
 1 SYSTEMPATH\View\View.php(201): CodeIgniter\Exceptions\FrameworkException::forInvalidFile('Recursos/base-preguntas.php')
 2 SYSTEMPATH\Common.php(1184): CodeIgniter\View\View->render('Recursos/base-preguntas', [], true)
 3 APPPATH\Controllers\Dashboard.php(44): view('Recursos/base-preguntas')
 4 SYSTEMPATH\CodeIgniter.php(934): App\Controllers\Dashboard->preguntas()
 5 SYSTEMPATH\CodeIgniter.php(499): CodeIgniter\CodeIgniter->runController(Object(App\Controllers\Dashboard))
 6 SYSTEMPATH\CodeIgniter.php(368): CodeIgniter\CodeIgniter->handleRequest(null, Object(Config\Cache), false)
 7 FCPATH\index.php(67): CodeIgniter\CodeIgniter->run()
CRITICAL - 2023-07-06 06:42:44 --> Invalid file: "Recursos/base-preguntas.php"
in SYSTEMPATH\Exceptions\FrameworkException.php on line 33.
 1 SYSTEMPATH\View\View.php(201): CodeIgniter\Exceptions\FrameworkException::forInvalidFile('Recursos/base-preguntas.php')
 2 SYSTEMPATH\Common.php(1184): CodeIgniter\View\View->render('Recursos/base-preguntas', [], true)
 3 APPPATH\Controllers\Dashboard.php(44): view('Recursos/base-preguntas')
 4 SYSTEMPATH\CodeIgniter.php(934): App\Controllers\Dashboard->preguntas()
 5 SYSTEMPATH\CodeIgniter.php(499): CodeIgniter\CodeIgniter->runController(Object(App\Controllers\Dashboard))
 6 SYSTEMPATH\CodeIgniter.php(368): CodeIgniter\CodeIgniter->handleRequest(null, Object(Config\Cache), false)
 7 FCPATH\index.php(67): CodeIgniter\CodeIgniter->run()
CRITICAL - 2023-07-06 06:42:56 --> Invalid file: "Recursos/base-preguntas.php"
in SYSTEMPATH\Exceptions\FrameworkException.php on line 33.
 1 SYSTEMPATH\View\View.php(201): CodeIgniter\Exceptions\FrameworkException::forInvalidFile('Recursos/base-preguntas.php')
 2 SYSTEMPATH\Common.php(1184): CodeIgniter\View\View->render('Recursos/base-preguntas', [], true)
 3 APPPATH\Controllers\Dashboard.php(44): view('Recursos/base-preguntas')
 4 SYSTEMPATH\CodeIgniter.php(934): App\Controllers\Dashboard->preguntas()
 5 SYSTEMPATH\CodeIgniter.php(499): CodeIgniter\CodeIgniter->runController(Object(App\Controllers\Dashboard))
 6 SYSTEMPATH\CodeIgniter.php(368): CodeIgniter\CodeIgniter->handleRequest(null, Object(Config\Cache), false)
 7 FCPATH\index.php(67): CodeIgniter\CodeIgniter->run()
CRITICAL - 2023-07-06 06:43:07 --> Invalid file: "Recursos/base-preguntas.php"
in SYSTEMPATH\Exceptions\FrameworkException.php on line 33.
 1 SYSTEMPATH\View\View.php(201): CodeIgniter\Exceptions\FrameworkException::forInvalidFile('Recursos/base-preguntas.php')
 2 SYSTEMPATH\Common.php(1184): CodeIgniter\View\View->render('Recursos/base-preguntas', [], true)
 3 APPPATH\Controllers\Dashboard.php(44): view('Recursos/base-preguntas')
 4 SYSTEMPATH\CodeIgniter.php(934): App\Controllers\Dashboard->preguntas()
 5 SYSTEMPATH\CodeIgniter.php(499): CodeIgniter\CodeIgniter->runController(Object(App\Controllers\Dashboard))
 6 SYSTEMPATH\CodeIgniter.php(368): CodeIgniter\CodeIgniter->handleRequest(null, Object(Config\Cache), false)
 7 FCPATH\index.php(67): CodeIgniter\CodeIgniter->run()
CRITICAL - 2023-07-06 06:44:16 --> Invalid file: "Recursos/base-preguntas.php"
in SYSTEMPATH\Exceptions\FrameworkException.php on line 33.
 1 SYSTEMPATH\View\View.php(201): CodeIgniter\Exceptions\FrameworkException::forInvalidFile('Recursos/base-preguntas.php')
 2 SYSTEMPATH\Common.php(1184): CodeIgniter\View\View->render('Recursos/base-preguntas', [], true)
 3 APPPATH\Controllers\Dashboard.php(44): view('Recursos/base-preguntas')
 4 SYSTEMPATH\CodeIgniter.php(934): App\Controllers\Dashboard->preguntas()
 5 SYSTEMPATH\CodeIgniter.php(499): CodeIgniter\CodeIgniter->runController(Object(App\Controllers\Dashboard))
 6 SYSTEMPATH\CodeIgniter.php(368): CodeIgniter\CodeIgniter->handleRequest(null, Object(Config\Cache), false)
 7 FCPATH\index.php(67): CodeIgniter\CodeIgniter->run()
CRITICAL - 2023-07-06 06:44:19 --> Invalid file: "Recursos/base-preguntas.php"
in SYSTEMPATH\Exceptions\FrameworkException.php on line 33.
 1 SYSTEMPATH\View\View.php(201): CodeIgniter\Exceptions\FrameworkException::forInvalidFile('Recursos/base-preguntas.php')
 2 SYSTEMPATH\Common.php(1184): CodeIgniter\View\View->render('Recursos/base-preguntas', [], true)
 3 APPPATH\Controllers\Dashboard.php(44): view('Recursos/base-preguntas')
 4 SYSTEMPATH\CodeIgniter.php(934): App\Controllers\Dashboard->preguntas()
 5 SYSTEMPATH\CodeIgniter.php(499): CodeIgniter\CodeIgniter->runController(Object(App\Controllers\Dashboard))
 6 SYSTEMPATH\CodeIgniter.php(368): CodeIgniter\CodeIgniter->handleRequest(null, Object(Config\Cache), false)
 7 FCPATH\index.php(67): CodeIgniter\CodeIgniter->run()
CRITICAL - 2023-07-06 06:44:27 --> Invalid file: "Recursos/base-preguntas.php"
in SYSTEMPATH\Exceptions\FrameworkException.php on line 33.
 1 SYSTEMPATH\View\View.php(201): CodeIgniter\Exceptions\FrameworkException::forInvalidFile('Recursos/base-preguntas.php')
 2 SYSTEMPATH\Common.php(1184): CodeIgniter\View\View->render('Recursos/base-preguntas', [], true)
 3 APPPATH\Controllers\Dashboard.php(44): view('Recursos/base-preguntas')
 4 SYSTEMPATH\CodeIgniter.php(934): App\Controllers\Dashboard->preguntas()
 5 SYSTEMPATH\CodeIgniter.php(499): CodeIgniter\CodeIgniter->runController(Object(App\Controllers\Dashboard))
 6 SYSTEMPATH\CodeIgniter.php(368): CodeIgniter\CodeIgniter->handleRequest(null, Object(Config\Cache), false)
 7 FCPATH\index.php(67): CodeIgniter\CodeIgniter->run()
CRITICAL - 2023-07-06 06:44:40 --> Invalid file: "Recursos/base-preguntas.php"
in SYSTEMPATH\Exceptions\FrameworkException.php on line 33.
 1 SYSTEMPATH\View\View.php(201): CodeIgniter\Exceptions\FrameworkException::forInvalidFile('Recursos/base-preguntas.php')
 2 SYSTEMPATH\Common.php(1184): CodeIgniter\View\View->render('Recursos/base-preguntas', [], true)
 3 APPPATH\Controllers\Dashboard.php(44): view('Recursos/base-preguntas')
 4 SYSTEMPATH\CodeIgniter.php(934): App\Controllers\Dashboard->preguntas()
 5 SYSTEMPATH\CodeIgniter.php(499): CodeIgniter\CodeIgniter->runController(Object(App\Controllers\Dashboard))
 6 SYSTEMPATH\CodeIgniter.php(368): CodeIgniter\CodeIgniter->handleRequest(null, Object(Config\Cache), false)
 7 FCPATH\index.php(67): CodeIgniter\CodeIgniter->run()
CRITICAL - 2023-07-06 06:44:45 --> Invalid file: "Recursos/base-preguntas.php"
in SYSTEMPATH\Exceptions\FrameworkException.php on line 33.
 1 SYSTEMPATH\View\View.php(201): CodeIgniter\Exceptions\FrameworkException::forInvalidFile('Recursos/base-preguntas.php')
 2 SYSTEMPATH\Common.php(1184): CodeIgniter\View\View->render('Recursos/base-preguntas', [], true)
 3 APPPATH\Controllers\Dashboard.php(44): view('Recursos/base-preguntas')
 4 SYSTEMPATH\CodeIgniter.php(934): App\Controllers\Dashboard->preguntas()
 5 SYSTEMPATH\CodeIgniter.php(499): CodeIgniter\CodeIgniter->runController(Object(App\Controllers\Dashboard))
 6 SYSTEMPATH\CodeIgniter.php(368): CodeIgniter\CodeIgniter->handleRequest(null, Object(Config\Cache), false)
 7 FCPATH\index.php(67): CodeIgniter\CodeIgniter->run()
CRITICAL - 2023-07-06 06:44:45 --> Invalid file: "Recursos/base-preguntas.php"
in SYSTEMPATH\Exceptions\FrameworkException.php on line 33.
 1 SYSTEMPATH\View\View.php(201): CodeIgniter\Exceptions\FrameworkException::forInvalidFile('Recursos/base-preguntas.php')
 2 SYSTEMPATH\Common.php(1184): CodeIgniter\View\View->render('Recursos/base-preguntas', [], true)
 3 APPPATH\Controllers\Dashboard.php(44): view('Recursos/base-preguntas')
 4 SYSTEMPATH\CodeIgniter.php(934): App\Controllers\Dashboard->preguntas()
 5 SYSTEMPATH\CodeIgniter.php(499): CodeIgniter\CodeIgniter->runController(Object(App\Controllers\Dashboard))
 6 SYSTEMPATH\CodeIgniter.php(368): CodeIgniter\CodeIgniter->handleRequest(null, Object(Config\Cache), false)
 7 FCPATH\index.php(67): CodeIgniter\CodeIgniter->run()
CRITICAL - 2023-07-06 06:44:47 --> Invalid file: "Recursos/base-preguntas.php"
in SYSTEMPATH\Exceptions\FrameworkException.php on line 33.
 1 SYSTEMPATH\View\View.php(201): CodeIgniter\Exceptions\FrameworkException::forInvalidFile('Recursos/base-preguntas.php')
 2 SYSTEMPATH\Common.php(1184): CodeIgniter\View\View->render('Recursos/base-preguntas', [], true)
 3 APPPATH\Controllers\Dashboard.php(44): view('Recursos/base-preguntas')
 4 SYSTEMPATH\CodeIgniter.php(934): App\Controllers\Dashboard->preguntas()
 5 SYSTEMPATH\CodeIgniter.php(499): CodeIgniter\CodeIgniter->runController(Object(App\Controllers\Dashboard))
 6 SYSTEMPATH\CodeIgniter.php(368): CodeIgniter\CodeIgniter->handleRequest(null, Object(Config\Cache), false)
 7 FCPATH\index.php(67): CodeIgniter\CodeIgniter->run()
CRITICAL - 2023-07-06 06:45:38 --> Invalid file: "Recursos/base-preguntas.php"
in SYSTEMPATH\Exceptions\FrameworkException.php on line 33.
 1 SYSTEMPATH\View\View.php(201): CodeIgniter\Exceptions\FrameworkException::forInvalidFile('Recursos/base-preguntas.php')
 2 SYSTEMPATH\Common.php(1184): CodeIgniter\View\View->render('Recursos/base-preguntas', [], true)
 3 APPPATH\Controllers\Dashboard.php(44): view('Recursos/base-preguntas')
 4 SYSTEMPATH\CodeIgniter.php(934): App\Controllers\Dashboard->preguntas()
 5 SYSTEMPATH\CodeIgniter.php(499): CodeIgniter\CodeIgniter->runController(Object(App\Controllers\Dashboard))
 6 SYSTEMPATH\CodeIgniter.php(368): CodeIgniter\CodeIgniter->handleRequest(null, Object(Config\Cache), false)
 7 FCPATH\index.php(67): CodeIgniter\CodeIgniter->run()
CRITICAL - 2023-07-06 06:45:45 --> Invalid file: "Recursos/base-preguntas.php"
in SYSTEMPATH\Exceptions\FrameworkException.php on line 33.
 1 SYSTEMPATH\View\View.php(201): CodeIgniter\Exceptions\FrameworkException::forInvalidFile('Recursos/base-preguntas.php')
 2 SYSTEMPATH\Common.php(1184): CodeIgniter\View\View->render('Recursos/base-preguntas', [], true)
 3 APPPATH\Controllers\Dashboard.php(44): view('Recursos/base-preguntas')
 4 SYSTEMPATH\CodeIgniter.php(934): App\Controllers\Dashboard->preguntas()
 5 SYSTEMPATH\CodeIgniter.php(499): CodeIgniter\CodeIgniter->runController(Object(App\Controllers\Dashboard))
 6 SYSTEMPATH\CodeIgniter.php(368): CodeIgniter\CodeIgniter->handleRequest(null, Object(Config\Cache), false)
 7 FCPATH\index.php(67): CodeIgniter\CodeIgniter->run()
CRITICAL - 2023-07-06 06:45:57 --> Invalid file: "Recursos/base-preguntas.php"
in SYSTEMPATH\Exceptions\FrameworkException.php on line 33.
 1 SYSTEMPATH\View\View.php(201): CodeIgniter\Exceptions\FrameworkException::forInvalidFile('Recursos/base-preguntas.php')
 2 SYSTEMPATH\Common.php(1184): CodeIgniter\View\View->render('Recursos/base-preguntas', [], true)
 3 APPPATH\Controllers\Dashboard.php(44): view('Recursos/base-preguntas')
 4 SYSTEMPATH\CodeIgniter.php(934): App\Controllers\Dashboard->preguntas()
 5 SYSTEMPATH\CodeIgniter.php(499): CodeIgniter\CodeIgniter->runController(Object(App\Controllers\Dashboard))
 6 SYSTEMPATH\CodeIgniter.php(368): CodeIgniter\CodeIgniter->handleRequest(null, Object(Config\Cache), false)
 7 FCPATH\index.php(67): CodeIgniter\CodeIgniter->run()
CRITICAL - 2023-07-06 06:46:10 --> Invalid file: "Recursos/base-preguntas.php"
in SYSTEMPATH\Exceptions\FrameworkException.php on line 33.
 1 SYSTEMPATH\View\View.php(201): CodeIgniter\Exceptions\FrameworkException::forInvalidFile('Recursos/base-preguntas.php')
 2 SYSTEMPATH\Common.php(1184): CodeIgniter\View\View->render('Recursos/base-preguntas', [], true)
 3 APPPATH\Controllers\Dashboard.php(44): view('Recursos/base-preguntas')
 4 SYSTEMPATH\CodeIgniter.php(934): App\Controllers\Dashboard->preguntas()
 5 SYSTEMPATH\CodeIgniter.php(499): CodeIgniter\CodeIgniter->runController(Object(App\Controllers\Dashboard))
 6 SYSTEMPATH\CodeIgniter.php(368): CodeIgniter\CodeIgniter->handleRequest(null, Object(Config\Cache), false)
 7 FCPATH\index.php(67): CodeIgniter\CodeIgniter->run()
CRITICAL - 2023-07-06 06:46:53 --> Invalid file: "Recursos/base-preguntas.php"
in SYSTEMPATH\Exceptions\FrameworkException.php on line 33.
 1 SYSTEMPATH\View\View.php(201): CodeIgniter\Exceptions\FrameworkException::forInvalidFile('Recursos/base-preguntas.php')
 2 SYSTEMPATH\Common.php(1184): CodeIgniter\View\View->render('Recursos/base-preguntas', [], true)
 3 APPPATH\Controllers\Dashboard.php(44): view('Recursos/base-preguntas')
 4 SYSTEMPATH\CodeIgniter.php(934): App\Controllers\Dashboard->preguntas()
 5 SYSTEMPATH\CodeIgniter.php(499): CodeIgniter\CodeIgniter->runController(Object(App\Controllers\Dashboard))
 6 SYSTEMPATH\CodeIgniter.php(368): CodeIgniter\CodeIgniter->handleRequest(null, Object(Config\Cache), false)
 7 FCPATH\index.php(67): CodeIgniter\CodeIgniter->run()
CRITICAL - 2023-07-06 06:47:05 --> Invalid file: "Recursos/base-preguntas.php"
in SYSTEMPATH\Exceptions\FrameworkException.php on line 33.
 1 SYSTEMPATH\View\View.php(201): CodeIgniter\Exceptions\FrameworkException::forInvalidFile('Recursos/base-preguntas.php')
 2 SYSTEMPATH\Common.php(1184): CodeIgniter\View\View->render('Recursos/base-preguntas', [], true)
 3 APPPATH\Controllers\Dashboard.php(44): view('Recursos/base-preguntas')
 4 SYSTEMPATH\CodeIgniter.php(934): App\Controllers\Dashboard->preguntas()
 5 SYSTEMPATH\CodeIgniter.php(499): CodeIgniter\CodeIgniter->runController(Object(App\Controllers\Dashboard))
 6 SYSTEMPATH\CodeIgniter.php(368): CodeIgniter\CodeIgniter->handleRequest(null, Object(Config\Cache), false)
 7 FCPATH\index.php(67): CodeIgniter\CodeIgniter->run()
CRITICAL - 2023-07-06 23:16:39 --> Invalid file: "Recursos/base-preguntas.php"
in SYSTEMPATH\Exceptions\FrameworkException.php on line 33.
 1 SYSTEMPATH\View\View.php(201): CodeIgniter\Exceptions\FrameworkException::forInvalidFile('Recursos/base-preguntas.php')
 2 SYSTEMPATH\Common.php(1184): CodeIgniter\View\View->render('Recursos/base-preguntas', [], true)
 3 APPPATH\Controllers\Dashboard.php(44): view('Recursos/base-preguntas')
 4 SYSTEMPATH\CodeIgniter.php(934): App\Controllers\Dashboard->preguntas()
 5 SYSTEMPATH\CodeIgniter.php(499): CodeIgniter\CodeIgniter->runController(Object(App\Controllers\Dashboard))
 6 SYSTEMPATH\CodeIgniter.php(368): CodeIgniter\CodeIgniter->handleRequest(null, Object(Config\Cache), false)
 7 FCPATH\index.php(67): CodeIgniter\CodeIgniter->run()
